<?xml version="1.0" encoding="UTF-8"?>
<!-- Generated by org.testng.reporters.JUnitXMLReporter -->
<testsuite hostname="COMPAQ-PC" ignored="0" name="Test" tests="2" failures="1" timestamp="18 Nov 2018 08:39:10 GMT" time="0.073" errors="0">
  <testcase name="testHardAssert" time="0.017" classname="myStudy.HardAssertAndSoftAssertExample"/>
  <testcase name="testSoftAssert" time="0.024" classname="myStudy.HardAssertAndSoftAssertExample">
    <failure type="java.lang.AssertionError" message="The following asserts failed:
	expected [true] but found [false]">
      <![CDATA[java.lang.AssertionError: The following asserts failed:
	expected [true] but found [false]
	at myStudy.HardAssertAndSoftAssertExample.testSoftAssert(HardAssertAndSoftAssertExample.java:17)
... Removed 26 stack frames]]>
    </failure>
  </testcase> <!-- testSoftAssert -->
</testsuite> <!-- Test -->
